Analysis & Synthesis report for Processeur
Mon Apr 04 16:10:28 2016
Quartus II 64-Bit Version 13.0.1 Build 232 06/12/2013 Service Pack 1 SJ Web Edition


---------------------
; Table of Contents ;
---------------------
  1. Legal Notice
  2. Analysis & Synthesis Summary
  3. Analysis & Synthesis Settings
  4. Parallel Compilation
  5. Analysis & Synthesis Messages



----------------
; Legal Notice ;
----------------
Copyright (C) 1991-2013 Altera Corporation
Your use of Altera Corporation's design tools, logic functions 
and other software and tools, and its AMPP partner logic 
functions, and any output files from any of the foregoing 
(including device programming or simulation files), and any 
associated documentation or information are expressly subject 
to the terms and conditions of the Altera Program License 
Subscription Agreement, Altera MegaCore Function License 
Agreement, or other applicable license agreement, including, 
without limitation, that your use is for the sole purpose of 
programming logic devices manufactured by Altera and sold by 
Altera or its authorized distributors.  Please refer to the 
applicable agreement for further details.



+--------------------------------------------------------------------------------------+
; Analysis & Synthesis Summary                                                         ;
+------------------------------------+-------------------------------------------------+
; Analysis & Synthesis Status        ; Failed - Mon Apr 04 16:10:28 2016               ;
; Quartus II 64-Bit Version          ; 13.0.1 Build 232 06/12/2013 SP 1 SJ Web Edition ;
; Revision Name                      ; Processeur                                      ;
; Top-level Entity Name              ; alu_16bits                                      ;
; Family                             ; Cyclone II                                      ;
; Total logic elements               ; N/A until Partition Merge                       ;
;     Total combinational functions  ; N/A until Partition Merge                       ;
;     Dedicated logic registers      ; N/A until Partition Merge                       ;
; Total registers                    ; N/A until Partition Merge                       ;
; Total pins                         ; N/A until Partition Merge                       ;
; Total virtual pins                 ; N/A until Partition Merge                       ;
; Total memory bits                  ; N/A until Partition Merge                       ;
; Embedded Multiplier 9-bit elements ; N/A until Partition Merge                       ;
; Total PLLs                         ; N/A until Partition Merge                       ;
+------------------------------------+-------------------------------------------------+


+----------------------------------------------------------------------------------------------------------------------+
; Analysis & Synthesis Settings                                                                                        ;
+----------------------------------------------------------------------------+--------------------+--------------------+
; Option                                                                     ; Setting            ; Default Value      ;
+----------------------------------------------------------------------------+--------------------+--------------------+
; Device                                                                     ; EP2C35F672C6       ;                    ;
; Top-level entity name                                                      ; alu_16bits         ; Processeur         ;
; Family name                                                                ; Cyclone II         ; Cyclone IV GX      ;
; Use smart compilation                                                      ; Off                ; Off                ;
; Enable parallel Assembler and TimeQuest Timing Analyzer during compilation ; On                 ; On                 ;
; Enable compact report table                                                ; Off                ; Off                ;
; Restructure Multiplexers                                                   ; Auto               ; Auto               ;
; Create Debugging Nodes for IP Cores                                        ; Off                ; Off                ;
; Preserve fewer node names                                                  ; On                 ; On                 ;
; Disable OpenCore Plus hardware evaluation                                  ; Off                ; Off                ;
; Verilog Version                                                            ; Verilog_2001       ; Verilog_2001       ;
; VHDL Version                                                               ; VHDL_1993          ; VHDL_1993          ;
; State Machine Processing                                                   ; Auto               ; Auto               ;
; Safe State Machine                                                         ; Off                ; Off                ;
; Extract Verilog State Machines                                             ; On                 ; On                 ;
; Extract VHDL State Machines                                                ; On                 ; On                 ;
; Ignore Verilog initial constructs                                          ; Off                ; Off                ;
; Iteration limit for constant Verilog loops                                 ; 5000               ; 5000               ;
; Iteration limit for non-constant Verilog loops                             ; 250                ; 250                ;
; Add Pass-Through Logic to Inferred RAMs                                    ; On                 ; On                 ;
; Infer RAMs from Raw Logic                                                  ; On                 ; On                 ;
; Parallel Synthesis                                                         ; On                 ; On                 ;
; DSP Block Balancing                                                        ; Auto               ; Auto               ;
; NOT Gate Push-Back                                                         ; On                 ; On                 ;
; Power-Up Don't Care                                                        ; On                 ; On                 ;
; Remove Redundant Logic Cells                                               ; Off                ; Off                ;
; Remove Duplicate Registers                                                 ; On                 ; On                 ;
; Ignore CARRY Buffers                                                       ; Off                ; Off                ;
; Ignore CASCADE Buffers                                                     ; Off                ; Off                ;
; Ignore GLOBAL Buffers                                                      ; Off                ; Off                ;
; Ignore ROW GLOBAL Buffers                                                  ; Off                ; Off                ;
; Ignore LCELL Buffers                                                       ; Off                ; Off                ;
; Ignore SOFT Buffers                                                        ; On                 ; On                 ;
; Limit AHDL Integers to 32 Bits                                             ; Off                ; Off                ;
; Optimization Technique                                                     ; Balanced           ; Balanced           ;
; Carry Chain Length                                                         ; 70                 ; 70                 ;
; Auto Carry Chains                                                          ; On                 ; On                 ;
; Auto Open-Drain Pins                                                       ; On                 ; On                 ;
; Perform WYSIWYG Primitive Resynthesis                                      ; Off                ; Off                ;
; Auto ROM Replacement                                                       ; On                 ; On                 ;
; Auto RAM Replacement                                                       ; On                 ; On                 ;
; Auto Shift Register Replacement                                            ; Auto               ; Auto               ;
; Allow Shift Register Merging across Hierarchies                            ; Auto               ; Auto               ;
; Auto Clock Enable Replacement                                              ; On                 ; On                 ;
; Strict RAM Replacement                                                     ; Off                ; Off                ;
; Allow Synchronous Control Signals                                          ; On                 ; On                 ;
; Force Use of Synchronous Clear Signals                                     ; Off                ; Off                ;
; Auto RAM to Logic Cell Conversion                                          ; Off                ; Off                ;
; Auto Resource Sharing                                                      ; Off                ; Off                ;
; Allow Any RAM Size For Recognition                                         ; Off                ; Off                ;
; Allow Any ROM Size For Recognition                                         ; Off                ; Off                ;
; Allow Any Shift Register Size For Recognition                              ; Off                ; Off                ;
; Use LogicLock Constraints during Resource Balancing                        ; On                 ; On                 ;
; Ignore translate_off and synthesis_off directives                          ; Off                ; Off                ;
; Timing-Driven Synthesis                                                    ; Off                ; Off                ;
; Report Parameter Settings                                                  ; On                 ; On                 ;
; Report Source Assignments                                                  ; On                 ; On                 ;
; Report Connectivity Checks                                                 ; On                 ; On                 ;
; Ignore Maximum Fan-Out Assignments                                         ; Off                ; Off                ;
; Synchronization Register Chain Length                                      ; 2                  ; 2                  ;
; PowerPlay Power Optimization                                               ; Normal compilation ; Normal compilation ;
; HDL message level                                                          ; Level2             ; Level2             ;
; Suppress Register Optimization Related Messages                            ; Off                ; Off                ;
; Number of Removed Registers Reported in Synthesis Report                   ; 5000               ; 5000               ;
; Number of Swept Nodes Reported in Synthesis Report                         ; 5000               ; 5000               ;
; Number of Inverted Registers Reported in Synthesis Report                  ; 100                ; 100                ;
; Clock MUX Protection                                                       ; On                 ; On                 ;
; Auto Gated Clock Conversion                                                ; Off                ; Off                ;
; Block Design Naming                                                        ; Auto               ; Auto               ;
; SDC constraint protection                                                  ; Off                ; Off                ;
; Synthesis Effort                                                           ; Auto               ; Auto               ;
; Shift Register Replacement - Allow Asynchronous Clear Signal               ; On                 ; On                 ;
; Pre-Mapping Resynthesis Optimization                                       ; Off                ; Off                ;
; Analysis & Synthesis Message Level                                         ; Medium             ; Medium             ;
; Disable Register Merging Across Hierarchies                                ; Auto               ; Auto               ;
; Resource Aware Inference For Block RAM                                     ; On                 ; On                 ;
; Synthesis Seed                                                             ; 1                  ; 1                  ;
+----------------------------------------------------------------------------+--------------------+--------------------+


Parallel compilation was disabled, but you have multiple processors available. Enable parallel compilation to reduce compilation time.
+-------------------------------------+
; Parallel Compilation                ;
+----------------------------+--------+
; Processors                 ; Number ;
+----------------------------+--------+
; Number detected on machine ; 8      ;
; Maximum allowed            ; 1      ;
+----------------------------+--------+


+-------------------------------+
; Analysis & Synthesis Messages ;
+-------------------------------+
Info: *******************************************************************
Info: Running Quartus II 64-Bit Analysis & Synthesis
    Info: Version 13.0.1 Build 232 06/12/2013 Service Pack 1 SJ Web Edition
    Info: Processing started: Mon Apr 04 16:10:27 2016
Info: Command: quartus_map --read_settings_files=on --write_settings_files=off Processeur -c Processeur
Warning (20028): Parallel compilation is not licensed and has been disabled
Info (12021): Found 2 design units, including 1 entities, in source file soustracteur.vhd
    Info (12022): Found design unit 1: soustracteur-behavior_soustracteur
    Info (12023): Found entity 1: soustracteur
Info (12021): Found 2 design units, including 1 entities, in source file register.vhd
    Info (12022): Found design unit 1: registre-Bhv_reg
    Info (12023): Found entity 1: registre
Info (12021): Found 2 design units, including 1 entities, in source file proc_faj.vhd
    Info (12022): Found design unit 1: proc_faj-behavior_part1
    Info (12023): Found entity 1: proc_faj
Info (12021): Found 2 design units, including 1 entities, in source file or.vhd
    Info (12022): Found design unit 1: or_16bits-behavior_or_16bits
    Info (12023): Found entity 1: or_16bits
Info (12021): Found 2 design units, including 1 entities, in source file not_a.vhd
    Info (12022): Found design unit 1: not_16bits-behavior_not_16bits
    Info (12023): Found entity 1: not_16bits
Info (12021): Found 2 design units, including 1 entities, in source file mux16b_16_1_tb.vhd
    Info (12022): Found design unit 1: mux_16-rtl_16
    Info (12023): Found entity 1: mux_16
Info (12021): Found 2 design units, including 1 entities, in source file mux16b_8_1_tb.vhd
    Info (12022): Found design unit 1: testbench-tb
    Info (12023): Found entity 1: testbench
Warning (12090): Entity "mux" obtained from "mux16b_8_1.vhd" instead of from Quartus II megafunction library
Info (12021): Found 2 design units, including 1 entities, in source file mux16b_8_1.vhd
    Info (12022): Found design unit 1: mux-rtl
    Info (12023): Found entity 1: mux
Error (10500): VHDL syntax error at guette_le_cpu.vhd(8) near text "Bus";  expecting an identifier ("bus" is a reserved keyword), or "constant", or "file", or "signal", or "variable" File: C:/Users/A/Documents/GitHub/guetteLeGit/projet/guette_le_cpu.vhd Line: 8
Error (10523): Ignored construct guette_le_cpu at guette_le_cpu.vhd(4) due to previous errors File: C:/Users/A/Documents/GitHub/guetteLeGit/projet/guette_le_cpu.vhd Line: 4
Error (10500): VHDL syntax error at guette_le_cpu.vhd(65) near text ",";  expecting "(", or an identifier, or  unary operator File: C:/Users/A/Documents/GitHub/guetteLeGit/projet/guette_le_cpu.vhd Line: 65
Error (10500): VHDL syntax error at guette_le_cpu.vhd(65) near text ")";  expecting "(", or an identifier, or  unary operator File: C:/Users/A/Documents/GitHub/guetteLeGit/projet/guette_le_cpu.vhd Line: 65
Info (12021): Found 0 design units, including 0 entities, in source file guette_le_cpu.vhd
Info (12021): Found 6 design units, including 3 entities, in source file full_adder.vhd
    Info (12022): Found design unit 1: full_adder_1bit-behavior_fa
    Info (12022): Found design unit 2: full_adder-behavior
    Info (12022): Found design unit 3: full_adder_nbits-behavior_full_adder_nbits
    Info (12023): Found entity 1: full_adder_1bit
    Info (12023): Found entity 2: full_adder
    Info (12023): Found entity 3: full_adder_nbits
Info (12021): Found 2 design units, including 1 entities, in source file fsm.vhd
    Info (12022): Found design unit 1: control_unit-control_unit
    Info (12023): Found entity 1: control_unit
Warning (12018): Entity "dlatch" will be ignored because it conflicts with Quartus II primitive name
Info (12021): Found 2 design units, including 1 entities, in source file dlatch.vhd
    Info (12022): Found design unit 1: dlatch-rtl
Info (12021): Found 2 design units, including 1 entities, in source file complement_a_2.vhd
    Info (12022): Found design unit 1: ca2-behavior_ca2
    Info (12023): Found entity 1: ca2
Info (12021): Found 2 design units, including 1 entities, in source file and.vhd
    Info (12022): Found design unit 1: and_16bits-behavior_and_16bits
    Info (12023): Found entity 1: and_16bits
Info (12021): Found 2 design units, including 1 entities, in source file alu.vhd
    Info (12022): Found design unit 1: alu_16bits-behavior_alu_16bits
    Info (12023): Found entity 1: alu_16bits
Info (12021): Found 2 design units, including 1 entities, in source file main.vhd
    Info (12022): Found design unit 1: FSM_control_unit-Behaviour_control_unit
    Info (12023): Found entity 1: FSM_control_unit
Warning (12019): Can't analyze file -- file ../../../../Desktop/Processeur.vhd is missing
Error: Quartus II 64-Bit Analysis & Synthesis was unsuccessful. 4 errors, 4 warnings
    Error: Peak virtual memory: 512 megabytes
    Error: Processing ended: Mon Apr 04 16:10:28 2016
    Error: Elapsed time: 00:00:01
    Error: Total CPU time (on all processors): 00:00:01


